ğŸš€ Starting comprehensive testing at Sat Aug 23 05:07:34 IST 2025
Testing URL: http://localhost:8000/home.html

âœ… Server Connectivity: PASSED
   Details: Local server is running and accessible

âœ… File Check: home.html: PASSED
   Details: File exists and readable

âœ… File Check: attendance-manager.js: PASSED
   Details: File exists and readable

âœ… File Check: supabase-config.js: PASSED
   Details: File exists and readable

âœ… File Check: enhanced-database-schema.sql: PASSED
   Details: File exists and readable

âœ… HTML DOCTYPE: PASSED
   Details: Valid HTML5 DOCTYPE found

âœ… TimetableManager Class: PASSED
   Details: TimetableManager class found in HTML

âŒ AttendanceManager Integration: FAILED - AttendanceManager not integrated
   Details: AttendanceManager not integrated

âŒ JavaScript Syntax (HTML): FAILED - Syntax errors found in embedded JavaScript
   Details: Syntax errors found in embedded JavaScript

âœ… JavaScript Syntax (Attendance): PASSED
   Details: No syntax errors in attendance-manager.js

âœ… CSS Variables: PASSED
   Details: CSS custom properties (variables) found

âœ… Responsive Design: PASSED
   Details: Media queries found for responsive design

âœ… Database Security (RLS): PASSED
   Details: Row Level Security policies found

âŒ SQL Injection Protection: FAILED - Potential SQL injection vulnerabilities
   Details: Potential SQL injection vulnerabilities

âœ… Module: timetable-module: PASSED
   Details: Module found in HTML structure

âœ… Module: attendance-module: PASSED
   Details: Module found in HTML structure

âœ… Module: reports-module: PASSED
   Details: Module found in HTML structure

âœ… Real-time Setup: PASSED
   Details: Real-time subscription setup found

âŒ Real-time Channels: FAILED - Real-time channel subscriptions not implemented
   Details: Real-time channel subscriptions not implemented

âœ… QR Code Generation: PASSED
   Details: QR code generation function found

âŒ Manual Attendance: FAILED - Manual attendance marking not implemented
   Details: Manual attendance marking not implemented

âœ… Live Attendance Feed: PASSED
   Details: Live attendance feed implementation found

âœ… Timetable Generation: PASSED
   Details: Timetable generation function found

âŒ Conflict Detection: FAILED - Conflict detection not implemented
   Details: Conflict detection not implemented

âœ… Auto-save Feature: PASSED
   Details: Auto-save functionality found

âœ… Database Table: timetable_slots: PASSED
   Details: Table definition found

âœ… Database Table: attendance_records: PASSED
   Details: Table definition found

âœ… Database Table: subjects: PASSED
   Details: Table definition found

âœ… Database Table: teachers: PASSED
   Details: Table definition found

âœ… Database Table: classrooms: PASSED
   Details: Table definition found

âœ… Database Table: student_groups: PASSED
   Details: Table definition found

âœ… Database Indexes: PASSED
   Details: Performance indexes found

âŒ Error Handling (Timetable): FAILED - No error handling in timetable code
   Details: No error handling in timetable code

âŒ Error Handling (Attendance): FAILED - No error handling in attendance code
   Details: No error handling in attendance code

âœ… Notification System: PASSED
   Details: Notification system implemented

âŒ ARIA Labels: FAILED - No ARIA accessibility labels
   Details: No ARIA accessibility labels

âœ… Image Alt Text: PASSED
   Details: Image alt text found

âŒ Performance Optimization: FAILED - No performance optimization techniques
   Details: No performance optimization techniques

âœ… Deployment Structure: PASSED
   Details: Deployment directory structure exists

âœ… Production Config: PASSED
   Details: Production configuration template exists


ğŸ“Š TEST SUMMARY
===============
Total Tests Run: 40
Passed: 30
Failed: 10
âŒ NEEDS WORK: Multiple issues found. Address failed tests before deployment.

Success Rate: 75%
Test completed at Sat Aug 23 05:07:34 IST 2025

ğŸ“ Detailed results saved to: test-results-20250823-050734.log
